<?xml version="1.0" encoding="UTF-8"?>
<testng-results ignored="0" total="1" passed="1" failed="0" skipped="0">
  <reporter-output>
  </reporter-output>
  <suite started-at="2022-08-15T10:49:13 IST" name="Default suite" finished-at="2022-08-15T10:49:23 IST" duration-ms="10676">
    <groups>
    </groups>
    <test started-at="2022-08-15T10:49:13 IST" name="Default test" finished-at="2022-08-15T10:49:23 IST" duration-ms="10676">
      <class name="com.crm.organization.CreateOrganizationTest">
        <test-method signature="createOrganizationTest()[pri:0, instance:com.crm.organization.CreateOrganizationTest@41e1e210]" started-at="2022-08-15T10:49:13 IST" name="createOrganizationTest" finished-at="2022-08-15T10:49:23 IST" duration-ms="10597" status="PASS">
          <reporter-output>
          </reporter-output>
        </test-method> <!-- createOrganizationTest -->
      </class> <!-- com.crm.organization.CreateOrganizationTest -->
    </test> <!-- Default test -->
  </suite> <!-- Default suite -->
</testng-results>
